<?xml version="1.0" encoding="UTF-8"?>
<!-- Generated by org.testng.reporters.JUnitReportReporter -->
<testsuite hostname="LIN-5CG3223T41" failures="0" tests="1" name="Ptrac1" time="0.017" errors="0" timestamp="2024-09-16T15:04:17 IST" skipped="0">
  <testcase classname="Ptrac1" name="print" time="0.017"/>
  <system-out/>
</testsuite> <!-- Ptrac1 -->
