<?xml version="1.0" encoding="UTF-8"?>
<!-- Generated by org.testng.reporters.JUnitReportReporter -->
<testsuite hostname="LIN-5CG3223T41" failures="0" tests="1" name="HTTPRequests2" time="2.736" errors="0" timestamp="2024-09-17T14:54:19 IST" skipped="0">
  <testcase classname="HTTPRequests2" name="verifyUser" time="2.736"/>
  <system-out/>
</testsuite> <!-- HTTPRequests2 -->
